<?xml version="1.0" encoding="UTF-8"?>
<testsuite xmlns:xsi="http://www.w3.org/2001/XMLSchema-instance" xsi:noNamespaceSchemaLocation="https://maven.apache.org/surefire/maven-surefire-plugin/xsd/surefire-test-report-3.0.xsd" version="3.0" name="net.thecommandcraft.vanishpp.LocalizationTest" time="0.184" tests="3" errors="0" skipped="0" failures="0">
  <properties>
[...]
</properties>
  <testcase name="testReloadUpdatesLanguage" classname="net.thecommandcraft.vanishpp.LocalizationTest" time="0.075">
    <system-err><![CDATA[[14:19:07 INFO]: Standard Bukkit/Paper environment detected. Using Legacy Scheduler.
[14:19:07 INFO]: Loaded custom permissions for 0 players.
[14:19:07 WARNING]: ProtocolLib NOT found! Advanced features (Tab scrubbing) disabled.
[14:19:07 INFO]: Vanish++ 1.1.4 enabled.
]]></system-err>
  </testcase>
  <testcase name="testLanguageManagerLoading" classname="net.thecommandcraft.vanishpp.LocalizationTest" time="0.054">
    <system-err><![CDATA[[14:19:07 INFO]: Standard Bukkit/Paper environment detected. Using Legacy Scheduler.
[14:19:07 INFO]: Loaded custom permissions for 0 players.
[14:19:07 WARNING]: ProtocolLib NOT found! Advanced features (Tab scrubbing) disabled.
[14:19:07 INFO]: Vanish++ 1.1.4 enabled.
]]></system-err>
  </testcase>
  <testcase name="testLocalizedCommandOutput" classname="net.thecommandcraft.vanishpp.LocalizationTest" time="0.051">
    <system-err><![CDATA[[14:19:07 INFO]: Standard Bukkit/Paper environment detected. Using Legacy Scheduler.
[14:19:07 INFO]: Loaded custom permissions for 0 players.
[14:19:07 WARNING]: ProtocolLib NOT found! Advanced features (Tab scrubbing) disabled.
[14:19:07 INFO]: Vanish++ 1.1.4 enabled.
]]></system-err>
  </testcase>
</testsuite>